# JRE version: OpenJDK Runtime Environment (8.0_242-b01) (build 1.8.0_242-release-1644-b01)
# Java VM: OpenJDK 64-Bit Server VM (25.242-b01 mixed mode windows-amd64 compressed oops)
Heap:
 PSYoungGen      total 54784K, used 13381K [0x00000000d5b80000, 0x00000000da680000, 0x0000000100000000)
  eden space 49664K, 16% used [0x00000000d5b80000,0x00000000d63937c8,0x00000000d8c00000)
  from space 5120K, 99% used [0x00000000da180000,0x00000000da67dff8,0x00000000da680000)
  to   space 5120K, 0% used [0x00000000d9c80000,0x00000000d9c80000,0x00000000da180000)
 ParOldGen       total 64512K, used 11364K [0x0000000081200000, 0x0000000085100000, 0x00000000d5b80000)
  object space 64512K, 17% used [0x0000000081200000,0x0000000081d19320,0x0000000085100000)
 Metaspace       used 24709K, capacity 25255K, committed 25472K, reserved 1071104K
  class space    used 2935K, capacity 3082K, committed 3200K, reserved 1048576K
GC Heap History (10 events):
Event: 0.768 GC heap before
{Heap before GC invocations=1 (full 0):
 PSYoungGen      total 38400K, used 33280K [0x00000000d5b80000, 0x00000000d8600000, 0x0000000100000000)
  eden space 33280K, 100% used [0x00000000d5b80000,0x00000000d7c00000,0x00000000d7c00000)
  from space 5120K, 0% used [0x00000000d8100000,0x00000000d8100000,0x00000000d8600000)
  to   space 5120K, 0% used [0x00000000d7c00000,0x00000000d7c00000,0x00000000d8100000)
 ParOldGen       total 87552K, used 0K [0x0000000081200000, 0x0000000086780000, 0x00000000d5b80000)
  object space 87552K, 0% used [0x0000000081200000,0x0000000081200000,0x0000000086780000)
 Metaspace       used 10175K, capacity 10364K, committed 10496K, reserved 1058816K
  class space    used 1113K, capacity 1180K, committed 1280K, reserved 1048576K
Event: 0.775 GC heap after
Heap after GC invocations=1 (full 0):
 PSYoungGen      total 38400K, used 5093K [0x00000000d5b80000, 0x00000000d8600000, 0x0000000100000000)
  eden space 33280K, 0% used [0x00000000d5b80000,0x00000000d5b80000,0x00000000d7c00000)
  from space 5120K, 99% used [0x00000000d7c00000,0x00000000d80f9560,0x00000000d8100000)
  to   space 5120K, 0% used [0x00000000d8100000,0x00000000d8100000,0x00000000d8600000)
 ParOldGen       total 87552K, used 2932K [0x0000000081200000, 0x0000000086780000, 0x00000000d5b80000)
  object space 87552K, 3% used [0x0000000081200000,0x00000000814dd1f8,0x0000000086780000)
 Metaspace       used 10175K, capacity 10364K, committed 10496K, reserved 1058816K
  class space    used 1113K, capacity 1180K, committed 1280K, reserved 1048576K
}
Event: 1.153 GC heap before
{Heap before GC invocations=2 (full 0):
 PSYoungGen      total 38400K, used 38373K [0x00000000d5b80000, 0x00000000d8600000, 0x0000000100000000)
  eden space 33280K, 100% used [0x00000000d5b80000,0x00000000d7c00000,0x00000000d7c00000)
  from space 5120K, 99% used [0x00000000d7c00000,0x00000000d80f9560,0x00000000d8100000)
  to   space 5120K, 0% used [0x00000000d8100000,0x00000000d8100000,0x00000000d8600000)
 ParOldGen       total 87552K, used 2932K [0x0000000081200000, 0x0000000086780000, 0x00000000d5b80000)
  object space 87552K, 3% used [0x0000000081200000,0x00000000814dd1f8,0x0000000086780000)
 Metaspace       used 16002K, capacity 16276K, committed 16384K, reserved 1062912K
  class space    used 1881K, capacity 1984K, committed 2048K, reserved 1048576K
Event: 1.162 GC heap after
Heap after GC invocations=2 (full 0):
 PSYoungGen      total 38400K, used 5089K [0x00000000d5b80000, 0x00000000da680000, 0x0000000100000000)
  eden space 33280K, 0% used [0x00000000d5b80000,0x00000000d5b80000,0x00000000d7c00000)
  from space 5120K, 99% used [0x00000000d8100000,0x00000000d85f86f8,0x00000000d8600000)
  to   space 5120K, 0% used [0x00000000d7c00000,0x00000000d7c00000,0x00000000d8100000)
 ParOldGen       total 87552K, used 8181K [0x0000000081200000, 0x0000000086780000, 0x00000000d5b80000)
  object space 87552K, 9% used [0x0000000081200000,0x00000000819fd4f8,0x0000000086780000)
 Metaspace       used 16002K, capacity 16276K, committed 16384K, reserved 1062912K
  class space    used 1881K, capacity 1984K, committed 2048K, reserved 1048576K
}
Event: 1.369 GC heap before
{Heap before GC invocations=3 (full 0):
 PSYoungGen      total 38400K, used 22701K [0x00000000d5b80000, 0x00000000da680000, 0x0000000100000000)
  eden space 33280K, 52% used [0x00000000d5b80000,0x00000000d6cb30e8,0x00000000d7c00000)
  from space 5120K, 99% used [0x00000000d8100000,0x00000000d85f86f8,0x00000000d8600000)
  to   space 5120K, 0% used [0x00000000d7c00000,0x00000000d7c00000,0x00000000d8100000)
 ParOldGen       total 87552K, used 8181K [0x0000000081200000, 0x0000000086780000, 0x00000000d5b80000)
  object space 87552K, 9% used [0x0000000081200000,0x00000000819fd4f8,0x0000000086780000)
 Metaspace       used 20662K, capacity 21144K, committed 21296K, reserved 1069056K
  class space    used 2451K, capacity 2595K, committed 2688K, reserved 1048576K
Event: 1.375 GC heap after
Heap after GC invocations=3 (full 0):
 PSYoungGen      total 38400K, used 5089K [0x00000000d5b80000, 0x00000000da680000, 0x0000000100000000)
  eden space 33280K, 0% used [0x00000000d5b80000,0x00000000d5b80000,0x00000000d7c00000)
  from space 5120K, 99% used [0x00000000d7c00000,0x00000000d80f8718,0x00000000d8100000)
  to   space 5120K, 0% used [0x00000000da180000,0x00000000da180000,0x00000000da680000)
 ParOldGen       total 87552K, used 12238K [0x0000000081200000, 0x0000000086780000, 0x00000000d5b80000)
  object space 87552K, 13% used [0x0000000081200000,0x0000000081df3870,0x0000000086780000)
 Metaspace       used 20662K, capacity 21144K, committed 21296K, reserved 1069056K
  class space    used 2451K, capacity 2595K, committed 2688K, reserved 1048576K
}
Event: 1.375 GC heap before
{Heap before GC invocations=4 (full 1):
 PSYoungGen      total 38400K, used 5089K [0x00000000d5b80000, 0x00000000da680000, 0x0000000100000000)
  eden space 33280K, 0% used [0x00000000d5b80000,0x00000000d5b80000,0x00000000d7c00000)
  from space 5120K, 99% used [0x00000000d7c00000,0x00000000d80f8718,0x00000000d8100000)
  to   space 5120K, 0% used [0x00000000da180000,0x00000000da180000,0x00000000da680000)
 ParOldGen       total 87552K, used 12238K [0x0000000081200000, 0x0000000086780000, 0x00000000d5b80000)
  object space 87552K, 13% used [0x0000000081200000,0x0000000081df3870,0x0000000086780000)
 Metaspace       used 20662K, capacity 21144K, committed 21296K, reserved 1069056K
  class space    used 2451K, capacity 2595K, committed 2688K, reserved 1048576K
Event: 1.400 GC heap after
Heap after GC invocations=4 (full 1):
 PSYoungGen      total 38400K, used 0K [0x00000000d5b80000, 0x00000000da680000, 0x0000000100000000)
  eden space 33280K, 0% used [0x00000000d5b80000,0x00000000d5b80000,0x00000000d7c00000)
  from space 5120K, 0% used [0x00000000d7c00000,0x00000000d7c00000,0x00000000d8100000)
  to   space 5120K, 0% used [0x00000000da180000,0x00000000da180000,0x00000000da680000)
 ParOldGen       total 64512K, used 9169K [0x0000000081200000, 0x0000000085100000, 0x00000000d5b80000)
  object space 64512K, 14% used [0x0000000081200000,0x0000000081af46a8,0x0000000085100000)
 Metaspace       used 20662K, capacity 21144K, committed 21296K, reserved 1069056K
  class space    used 2451K, capacity 2595K, committed 2688K, reserved 1048576K
}
Event: 1.946 GC heap before
{Heap before GC invocations=5 (full 1):
 PSYoungGen      total 38400K, used 33280K [0x00000000d5b80000, 0x00000000da680000, 0x0000000100000000)
  eden space 33280K, 100% used [0x00000000d5b80000,0x00000000d7c00000,0x00000000d7c00000)
  from space 5120K, 0% used [0x00000000d7c00000,0x00000000d7c00000,0x00000000d8100000)
  to   space 5120K, 0% used [0x00000000da180000,0x00000000da180000,0x00000000da680000)
 ParOldGen       total 64512K, used 9169K [0x0000000081200000, 0x0000000085100000, 0x00000000d5b80000)
  object space 64512K, 14% used [0x0000000081200000,0x0000000081af46a8,0x0000000085100000)
 Metaspace       used 23601K, capacity 24080K, committed 24320K, reserved 1071104K
  class space    used 2825K, capacity 2951K, committed 3072K, reserved 1048576K
Event: 1.953 GC heap after
Heap after GC invocations=5 (full 1):
 PSYoungGen      total 54784K, used 5111K [0x00000000d5b80000, 0x00000000da680000, 0x0000000100000000)
  eden space 49664K, 0% used [0x00000000d5b80000,0x00000000d5b80000,0x00000000d8c00000)
  from space 5120K, 99% used [0x00000000da180000,0x00000000da67dff8,0x00000000da680000)
  to   space 5120K, 0% used [0x00000000d9c80000,0x00000000d9c80000,0x00000000da180000)
 ParOldGen       total 64512K, used 11364K [0x0000000081200000, 0x0000000085100000, 0x00000000d5b80000)
  object space 64512K, 17% used [0x0000000081200000,0x0000000081d19320,0x0000000085100000)
 Metaspace       used 23601K, capacity 24080K, committed 24320K, reserved 1071104K
  class space    used 2825K, capacity 2951K, committed 3072K, reserved 1048576K
}

